2024-06-17 11:45:28,137 INFO o.a.j.u.JMeterUtils: Setting Locale to en_EN
2024-06-17 11:45:28,157 INFO o.a.j.JMeter: Loading user properties from: C:\JMeter\apache-jmeter-5.5\bin\user.properties
2024-06-17 11:45:28,157 INFO o.a.j.JMeter: Loading system properties from: C:\JMeter\apache-jmeter-5.5\bin\system.properties
2024-06-17 11:45:28,170 INFO o.a.j.JMeter: Copyright (c) 1998-2022 The Apache Software Foundation
2024-06-17 11:45:28,170 INFO o.a.j.JMeter: Version 5.5
2024-06-17 11:45:28,170 INFO o.a.j.JMeter: java.version=1.8.0_411
2024-06-17 11:45:28,170 INFO o.a.j.JMeter: java.vm.name=Java HotSpot(TM) Client VM
2024-06-17 11:45:28,170 INFO o.a.j.JMeter: os.name=Windows 11
2024-06-17 11:45:28,170 INFO o.a.j.JMeter: os.arch=x86
2024-06-17 11:45:28,170 INFO o.a.j.JMeter: os.version=10.0
2024-06-17 11:45:28,170 INFO o.a.j.JMeter: file.encoding=Cp1252
2024-06-17 11:45:28,170 INFO o.a.j.JMeter: java.awt.headless=null
2024-06-17 11:45:28,170 INFO o.a.j.JMeter: Max memory     =1073741824
2024-06-17 11:45:28,170 INFO o.a.j.JMeter: Available Processors =8
2024-06-17 11:45:28,170 INFO o.a.j.JMeter: Default Locale=English (EN)
2024-06-17 11:45:28,170 INFO o.a.j.JMeter: JMeter  Locale=English (EN)
2024-06-17 11:45:28,170 INFO o.a.j.JMeter: JMeterHome=C:\JMeter\apache-jmeter-5.5
2024-06-17 11:45:28,170 INFO o.a.j.JMeter: user.dir  =C:\SEBI\_github\data-migration-prod-localhost
2024-06-17 11:45:28,170 INFO o.a.j.JMeter: PWD       =C:\SEBI\_github\data-migration-prod-localhost
2024-06-17 11:45:28,184 INFO o.a.j.JMeter: IP: 10.22.88.97 Name: EPROBUCW00F1 FullName: EPROBUCW00F1
2024-06-17 11:45:28,215 INFO o.a.j.JMeter: Loaded icon properties from org/apache/jmeter/images/icon.properties
2024-06-17 11:45:28,356 INFO o.a.j.JMeterGuiLauncher: Setting LAF to: laf:javax.swing.plaf.metal.MetalLookAndFeel
2024-06-17 11:45:30,193 INFO o.j.r.JARSourceHTTP: Requesting https://jmeter-plugins.org/repo/?installID=windows_11-89340ca4ee65091575eb5e94380c12fd-gui
2024-06-17 11:45:32,786 INFO o.j.r.PluginManager: Plugins Status: [jmeter-datadog-backend-listener=0.5.0, jpgc-dummy=0.4, jpgc-plugins-manager=1.10, bzm-random-csv=0.8, jmeter-core=5.5, jmeter-ftp=5.5, jmeter-http=5.5, jmeter-jdbc=5.5, jmeter-jms=5.5, jmeter-junit=5.5, jmeter-java=5.5, jmeter-ldap=5.5, jmeter-mail=5.5, jmeter-mongodb=5.5, jmeter-native=5.5, jmeter-tcp=5.5, jmeter-components=5.5]
2024-06-17 11:45:37,890 INFO o.a.j.s.FileServer: Default base='C:\SEBI\_github\data-migration-prod-localhost'
2024-06-17 11:45:37,906 INFO o.a.j.g.a.Load: Loading file: C:\SEBI\_github\data-migration-prod-localhost\migration.jmx
2024-06-17 11:45:37,906 INFO o.a.j.s.FileServer: Set new base='C:\SEBI\_github\data-migration-prod-localhost'
2024-06-17 11:45:38,047 INFO o.a.j.s.SaveService: Testplan (JMX) version: 2.2. Testlog (JTL) version: 2.2
2024-06-17 11:45:38,073 INFO o.a.j.s.SaveService: Using SaveService properties file encoding UTF-8
2024-06-17 11:45:38,073 INFO o.a.j.s.SaveService: Using SaveService properties version 5.0
2024-06-17 11:45:38,079 INFO o.a.j.s.SaveService: Loading file: C:\SEBI\_github\data-migration-prod-localhost\migration.jmx
2024-06-17 11:45:38,204 INFO o.a.j.p.h.s.HTTPSamplerBase: Parser for text/html is org.apache.jmeter.protocol.http.parser.LagartoBasedHtmlParser
2024-06-17 11:45:38,204 INFO o.a.j.p.h.s.HTTPSamplerBase: Parser for application/xhtml+xml is org.apache.jmeter.protocol.http.parser.LagartoBasedHtmlParser
2024-06-17 11:45:38,204 INFO o.a.j.p.h.s.HTTPSamplerBase: Parser for application/xml is org.apache.jmeter.protocol.http.parser.LagartoBasedHtmlParser
2024-06-17 11:45:38,204 INFO o.a.j.p.h.s.HTTPSamplerBase: Parser for text/xml is org.apache.jmeter.protocol.http.parser.LagartoBasedHtmlParser
2024-06-17 11:45:38,204 INFO o.a.j.p.h.s.HTTPSamplerBase: Parser for text/vnd.wap.wml is org.apache.jmeter.protocol.http.parser.RegexpHTMLParser
2024-06-17 11:45:38,204 INFO o.a.j.p.h.s.HTTPSamplerBase: Parser for text/css is org.apache.jmeter.protocol.http.parser.CssParser
2024-06-17 11:45:38,345 INFO o.a.j.s.SampleResult: Note: Sample TimeStamps are START times
2024-06-17 11:45:38,345 INFO o.a.j.s.SampleResult: sampleresult.default.encoding is set to ISO-8859-1
2024-06-17 11:45:38,345 INFO o.a.j.s.SampleResult: sampleresult.useNanoTime=true
2024-06-17 11:45:38,345 INFO o.a.j.s.SampleResult: sampleresult.nanoThreadSleep=5000
2024-06-17 11:45:38,674 INFO o.a.j.s.FileServer: Set new base='C:\SEBI\_github\data-migration-prod-localhost'
2024-06-17 11:46:08,549 INFO o.a.j.e.StandardJMeterEngine: Running the test!
2024-06-17 11:46:08,549 INFO o.a.j.s.SampleEvent: List of sample_variables: []
2024-06-17 11:46:08,549 INFO o.a.j.s.SampleEvent: List of sample_variables: []
2024-06-17 11:46:08,549 INFO o.a.j.e.u.CompoundVariable: Note: Function class names must contain the string: '.functions.'
2024-06-17 11:46:08,549 INFO o.a.j.e.u.CompoundVariable: Note: Function class names must not contain the string: '.gui.'
2024-06-17 11:46:08,753 INFO o.a.j.g.u.JMeterMenuBar: setRunning(true, *local*)
2024-06-17 11:46:08,847 INFO o.a.j.e.StandardJMeterEngine: Starting ThreadGroup: 1 : zimbor PROD
2024-06-17 11:46:08,847 INFO o.a.j.e.StandardJMeterEngine: Starting 1 threads for group zimbor PROD.
2024-06-17 11:46:08,847 INFO o.a.j.e.StandardJMeterEngine: Thread will continue on error
2024-06-17 11:46:08,847 INFO o.a.j.t.ThreadGroup: Starting thread group... number=1 threads=1 ramp-up=1 delayedStart=false
2024-06-17 11:46:08,847 INFO o.a.j.t.ThreadGroup: Started thread group number 1
2024-06-17 11:46:08,847 INFO o.a.j.e.StandardJMeterEngine: All thread groups have been started
2024-06-17 11:46:08,863 INFO o.a.j.t.JMeterThread: Thread started: zimbor PROD 1-1
2024-06-17 11:46:08,863 INFO o.a.j.p.h.s.HTTPHCAbstractImpl: Local host = EPROBUCW00F1
2024-06-17 11:46:08,863 INFO o.a.j.p.h.s.HTTPHC4Impl: HTTP request retry count = 0
2024-06-17 11:46:32,641 INFO o.a.j.g.a.Start: Stopping test
2024-06-17 11:46:32,643 INFO o.a.j.t.JMeterThread: Stopping: zimbor PROD 1-1
2024-06-17 11:46:32,643 WARN o.a.j.t.JMeterThread: Interrupting: zimbor PROD 1-1 sampler: PROD zimbor.go.ro
2024-06-17 11:46:32,643 INFO o.a.j.t.JMeterThread: Thread finished: zimbor PROD 1-1
2024-06-17 11:46:32,657 INFO o.a.j.e.StandardJMeterEngine: Notifying test listeners of end of test
2024-06-17 11:46:32,657 INFO o.a.j.g.u.JMeterMenuBar: setRunning(false, *local*)
2024-06-17 11:52:11,363 INFO o.a.j.p.h.g.a.ParseCurlCommandAction: Parsed CURL command curl http://localhost:8983/solr/jobs/update?commit=true -H "Content-Type: text/xml" --data-binary '<delete><query>*:*</query></delete>' into Request [compressed=false, url=http://localhost:8983/solr/jobs/update?commit=true, method=POST, headers=[(Content-Type,text/xml)]]
2024-06-17 11:52:11,363 INFO o.a.j.p.h.g.a.ParseCurlCommandAction: Newly created element will be placed under current selected node zimbor PROD
2024-06-17 11:53:26,431 INFO o.a.j.p.h.g.a.ParseCurlCommandAction: Parsed CURL command curl http://localhost:8983/solr/jobs/update?commit=true -H "Content-Type: application/json" -d '
{
    "delete": {"query":"*:*"}
}' into Request [compressed=false, url=http://localhost:8983/solr/jobs/update?commit=true, method=POST, headers=[(Content-Type,application/json)]]
2024-06-17 11:53:26,431 INFO o.a.j.p.h.g.a.ParseCurlCommandAction: Newly created element will be placed under current selected node zimbor PROD
2024-06-17 11:53:51,350 INFO o.a.j.e.StandardJMeterEngine: Running the test!
2024-06-17 11:53:51,350 INFO o.a.j.s.SampleEvent: List of sample_variables: []
2024-06-17 11:53:51,350 INFO o.a.j.g.u.JMeterMenuBar: setRunning(true, *local*)
2024-06-17 11:53:51,428 INFO o.a.j.e.StandardJMeterEngine: Starting ThreadGroup: 1 : zimbor PROD
2024-06-17 11:53:51,428 INFO o.a.j.e.StandardJMeterEngine: Starting 1 threads for group zimbor PROD.
2024-06-17 11:53:51,428 INFO o.a.j.e.StandardJMeterEngine: Thread will continue on error
2024-06-17 11:53:51,428 INFO o.a.j.t.ThreadGroup: Starting thread group... number=1 threads=1 ramp-up=1 delayedStart=false
2024-06-17 11:53:51,428 INFO o.a.j.t.ThreadGroup: Started thread group number 1
2024-06-17 11:53:51,428 INFO o.a.j.e.StandardJMeterEngine: All thread groups have been started
2024-06-17 11:53:51,428 INFO o.a.j.t.JMeterThread: Thread started: zimbor PROD 1-1
2024-06-17 11:54:11,791 INFO o.a.j.g.a.Start: Stopping test
2024-06-17 11:54:11,807 INFO o.a.j.t.JMeterThread: Stopping: zimbor PROD 1-1
2024-06-17 11:54:11,808 WARN o.a.j.t.JMeterThread: Interrupting: zimbor PROD 1-1 sampler: PROD zimbor.go.ro
2024-06-17 11:54:11,809 INFO o.a.j.t.JMeterThread: Thread finished: zimbor PROD 1-1
2024-06-17 11:54:11,810 INFO o.a.j.e.StandardJMeterEngine: Notifying test listeners of end of test
2024-06-17 11:54:11,810 INFO o.a.j.g.u.JMeterMenuBar: setRunning(false, *local*)
2024-06-17 11:55:15,472 INFO o.a.j.e.StandardJMeterEngine: Running the test!
2024-06-17 11:55:15,472 INFO o.a.j.s.SampleEvent: List of sample_variables: []
2024-06-17 11:55:15,472 INFO o.a.j.g.u.JMeterMenuBar: setRunning(true, *local*)
2024-06-17 11:55:15,538 INFO o.a.j.e.StandardJMeterEngine: Starting ThreadGroup: 1 : zimbor PROD
2024-06-17 11:55:15,538 INFO o.a.j.e.StandardJMeterEngine: Starting 1 threads for group zimbor PROD.
2024-06-17 11:55:15,538 INFO o.a.j.e.StandardJMeterEngine: Thread will continue on error
2024-06-17 11:55:15,538 INFO o.a.j.t.ThreadGroup: Starting thread group... number=1 threads=1 ramp-up=1 delayedStart=false
2024-06-17 11:55:15,539 INFO o.a.j.t.ThreadGroup: Started thread group number 1
2024-06-17 11:55:15,539 INFO o.a.j.e.StandardJMeterEngine: All thread groups have been started
2024-06-17 11:55:15,540 INFO o.a.j.t.JMeterThread: Thread started: zimbor PROD 1-1
2024-06-17 11:56:12,751 INFO o.a.j.g.a.Start: Stopping test
2024-06-17 11:56:12,761 INFO o.a.j.t.JMeterThread: Stopping: zimbor PROD 1-1
2024-06-17 11:56:12,761 WARN o.a.j.t.JMeterThread: Interrupting: zimbor PROD 1-1 sampler: PROD zimbor.go.ro
2024-06-17 11:56:12,761 INFO o.a.j.t.JMeterThread: Thread finished: zimbor PROD 1-1
2024-06-17 11:56:12,771 INFO o.a.j.e.StandardJMeterEngine: Notifying test listeners of end of test
2024-06-17 11:56:12,771 INFO o.a.j.g.u.JMeterMenuBar: setRunning(false, *local*)
2024-06-17 11:56:46,107 INFO o.a.j.e.StandardJMeterEngine: Running the test!
2024-06-17 11:56:46,107 INFO o.a.j.s.SampleEvent: List of sample_variables: []
2024-06-17 11:56:46,107 INFO o.a.j.g.u.JMeterMenuBar: setRunning(true, *local*)
2024-06-17 11:56:46,174 INFO o.a.j.e.StandardJMeterEngine: Starting ThreadGroup: 1 : zimbor PROD
2024-06-17 11:56:46,174 INFO o.a.j.e.StandardJMeterEngine: Starting 1 threads for group zimbor PROD.
2024-06-17 11:56:46,174 INFO o.a.j.e.StandardJMeterEngine: Thread will continue on error
2024-06-17 11:56:46,174 INFO o.a.j.t.ThreadGroup: Starting thread group... number=1 threads=1 ramp-up=1 delayedStart=false
2024-06-17 11:56:46,174 INFO o.a.j.t.ThreadGroup: Started thread group number 1
2024-06-17 11:56:46,174 INFO o.a.j.e.StandardJMeterEngine: All thread groups have been started
2024-06-17 11:56:46,174 INFO o.a.j.t.JMeterThread: Thread started: zimbor PROD 1-1
2024-06-17 11:56:50,500 INFO o.a.j.g.a.Start: Stopping test
2024-06-17 11:56:50,515 INFO o.a.j.t.JMeterThread: Stopping: zimbor PROD 1-1
2024-06-17 11:56:50,515 WARN o.a.j.t.JMeterThread: Interrupting: zimbor PROD 1-1 sampler: PROD zimbor.go.ro
2024-06-17 11:56:50,515 INFO o.a.j.t.JMeterThread: Thread finished: zimbor PROD 1-1
2024-06-17 11:56:50,522 INFO o.a.j.e.StandardJMeterEngine: Notifying test listeners of end of test
2024-06-17 11:56:50,522 INFO o.a.j.g.u.JMeterMenuBar: setRunning(false, *local*)
2024-06-17 12:04:14,964 INFO o.a.j.e.StandardJMeterEngine: Running the test!
2024-06-17 12:04:14,964 INFO o.a.j.s.SampleEvent: List of sample_variables: []
2024-06-17 12:04:14,964 INFO o.a.j.g.u.JMeterMenuBar: setRunning(true, *local*)
2024-06-17 12:04:15,028 INFO o.a.j.e.StandardJMeterEngine: Starting ThreadGroup: 1 : zimbor PROD
2024-06-17 12:04:15,043 INFO o.a.j.e.StandardJMeterEngine: Starting 1 threads for group zimbor PROD.
2024-06-17 12:04:15,043 INFO o.a.j.e.StandardJMeterEngine: Thread will continue on error
2024-06-17 12:04:15,043 INFO o.a.j.t.ThreadGroup: Starting thread group... number=1 threads=1 ramp-up=1 delayedStart=false
2024-06-17 12:04:15,043 INFO o.a.j.t.ThreadGroup: Started thread group number 1
2024-06-17 12:04:15,043 INFO o.a.j.e.StandardJMeterEngine: All thread groups have been started
2024-06-17 12:04:15,043 INFO o.a.j.t.JMeterThread: Thread started: zimbor PROD 1-1
2024-06-17 12:04:16,471 INFO o.a.j.t.JMeterThread: Thread is done: zimbor PROD 1-1
2024-06-17 12:04:16,471 INFO o.a.j.t.JMeterThread: Thread finished: zimbor PROD 1-1
2024-06-17 12:04:16,472 INFO o.a.j.e.StandardJMeterEngine: Notifying test listeners of end of test
2024-06-17 12:04:16,472 INFO o.a.j.g.u.JMeterMenuBar: setRunning(false, *local*)
2024-06-17 12:05:10,173 INFO o.a.j.e.StandardJMeterEngine: Running the test!
2024-06-17 12:05:10,173 INFO o.a.j.s.SampleEvent: List of sample_variables: []
2024-06-17 12:05:10,173 INFO o.a.j.g.u.JMeterMenuBar: setRunning(true, *local*)
2024-06-17 12:05:10,236 INFO o.a.j.e.StandardJMeterEngine: Starting ThreadGroup: 1 : zimbor PROD
2024-06-17 12:05:10,236 INFO o.a.j.e.StandardJMeterEngine: Starting 1 threads for group zimbor PROD.
2024-06-17 12:05:10,236 INFO o.a.j.e.StandardJMeterEngine: Thread will continue on error
2024-06-17 12:05:10,236 INFO o.a.j.t.ThreadGroup: Starting thread group... number=1 threads=1 ramp-up=1 delayedStart=false
2024-06-17 12:05:10,236 INFO o.a.j.t.ThreadGroup: Started thread group number 1
2024-06-17 12:05:10,236 INFO o.a.j.e.StandardJMeterEngine: All thread groups have been started
2024-06-17 12:05:10,236 INFO o.a.j.t.JMeterThread: Thread started: zimbor PROD 1-1
2024-06-17 12:05:11,371 INFO o.a.j.t.JMeterThread: Thread is done: zimbor PROD 1-1
2024-06-17 12:05:11,371 INFO o.a.j.t.JMeterThread: Thread finished: zimbor PROD 1-1
2024-06-17 12:05:11,375 INFO o.a.j.e.StandardJMeterEngine: Notifying test listeners of end of test
2024-06-17 12:05:11,375 INFO o.a.j.g.u.JMeterMenuBar: setRunning(false, *local*)
2024-06-17 12:07:45,753 INFO o.a.j.e.StandardJMeterEngine: Running the test!
2024-06-17 12:07:45,753 INFO o.a.j.s.SampleEvent: List of sample_variables: []
2024-06-17 12:07:45,766 INFO o.a.j.g.u.JMeterMenuBar: setRunning(true, *local*)
2024-06-17 12:07:45,769 INFO o.a.j.e.StandardJMeterEngine: Starting ThreadGroup: 1 : zimbor PROD
2024-06-17 12:07:45,769 INFO o.a.j.e.StandardJMeterEngine: Starting 1 threads for group zimbor PROD.
2024-06-17 12:07:45,769 INFO o.a.j.e.StandardJMeterEngine: Thread will continue on error
2024-06-17 12:07:45,769 INFO o.a.j.t.ThreadGroup: Starting thread group... number=1 threads=1 ramp-up=1 delayedStart=false
2024-06-17 12:07:45,769 INFO o.a.j.t.ThreadGroup: Started thread group number 1
2024-06-17 12:07:45,769 INFO o.a.j.e.StandardJMeterEngine: All thread groups have been started
2024-06-17 12:07:45,769 INFO o.a.j.t.JMeterThread: Thread started: zimbor PROD 1-1
2024-06-17 12:07:47,360 INFO o.a.j.t.JMeterThread: Thread is done: zimbor PROD 1-1
2024-06-17 12:07:47,360 INFO o.a.j.t.JMeterThread: Thread finished: zimbor PROD 1-1
2024-06-17 12:07:47,373 INFO o.a.j.e.StandardJMeterEngine: Notifying test listeners of end of test
2024-06-17 12:07:47,373 INFO o.a.j.g.u.JMeterMenuBar: setRunning(false, *local*)
2024-06-17 12:08:01,400 INFO o.a.j.e.StandardJMeterEngine: Running the test!
2024-06-17 12:08:01,400 INFO o.a.j.s.SampleEvent: List of sample_variables: []
2024-06-17 12:08:01,415 INFO o.a.j.g.u.JMeterMenuBar: setRunning(true, *local*)
2024-06-17 12:08:01,415 INFO o.a.j.e.StandardJMeterEngine: Starting ThreadGroup: 1 : zimbor PROD
2024-06-17 12:08:01,415 INFO o.a.j.e.StandardJMeterEngine: Starting 1 threads for group zimbor PROD.
2024-06-17 12:08:01,415 INFO o.a.j.e.StandardJMeterEngine: Thread will continue on error
2024-06-17 12:08:01,415 INFO o.a.j.t.ThreadGroup: Starting thread group... number=1 threads=1 ramp-up=1 delayedStart=false
2024-06-17 12:08:01,415 INFO o.a.j.t.ThreadGroup: Started thread group number 1
2024-06-17 12:08:01,415 INFO o.a.j.e.StandardJMeterEngine: All thread groups have been started
2024-06-17 12:08:01,415 INFO o.a.j.t.JMeterThread: Thread started: zimbor PROD 1-1
2024-06-17 12:08:39,086 INFO o.a.j.g.a.Start: Stopping test
2024-06-17 12:08:39,101 INFO o.a.j.t.JMeterThread: Stopping: zimbor PROD 1-1
2024-06-17 12:08:39,101 WARN o.a.j.t.JMeterThread: Interrupting: zimbor PROD 1-1 sampler: PROD zimbor.go.ro
2024-06-17 12:08:39,101 INFO o.a.j.t.JMeterThread: Thread finished: zimbor PROD 1-1
2024-06-17 12:08:39,107 INFO o.a.j.e.StandardJMeterEngine: Notifying test listeners of end of test
2024-06-17 12:08:39,107 INFO o.a.j.g.u.JMeterMenuBar: setRunning(false, *local*)
2024-06-17 12:08:51,192 INFO o.a.j.e.StandardJMeterEngine: Running the test!
2024-06-17 12:08:51,192 INFO o.a.j.s.SampleEvent: List of sample_variables: []
2024-06-17 12:08:51,192 INFO o.a.j.g.u.JMeterMenuBar: setRunning(true, *local*)
2024-06-17 12:08:51,198 INFO o.a.j.e.StandardJMeterEngine: Starting ThreadGroup: 1 : zimbor PROD
2024-06-17 12:08:51,198 INFO o.a.j.e.StandardJMeterEngine: Starting 1 threads for group zimbor PROD.
2024-06-17 12:08:51,198 INFO o.a.j.e.StandardJMeterEngine: Thread will continue on error
2024-06-17 12:08:51,198 INFO o.a.j.t.ThreadGroup: Starting thread group... number=1 threads=1 ramp-up=1 delayedStart=false
2024-06-17 12:08:51,198 INFO o.a.j.t.ThreadGroup: Started thread group number 1
2024-06-17 12:08:51,198 INFO o.a.j.e.StandardJMeterEngine: All thread groups have been started
2024-06-17 12:08:51,198 INFO o.a.j.t.JMeterThread: Thread started: zimbor PROD 1-1
2024-06-17 12:09:19,164 INFO o.a.j.t.JMeterThread: Thread is done: zimbor PROD 1-1
2024-06-17 12:09:19,164 INFO o.a.j.t.JMeterThread: Thread finished: zimbor PROD 1-1
2024-06-17 12:09:19,171 INFO o.a.j.e.StandardJMeterEngine: Notifying test listeners of end of test
2024-06-17 12:09:19,171 INFO o.a.j.g.u.JMeterMenuBar: setRunning(false, *local*)
